Copyright 1986-2022 Xilinx, Inc. All Rights Reserved. Copyright 2022-2025 Advanced Micro Devices, Inc. All Rights Reserved.
---------------------------------------------------------------------------------------------------------------------------------------------
| Tool Version : Vivado v.2025.1 (win64) Build 6140274 Thu May 22 00:12:29 MDT 2025
| Date         : Mon Mar  9 14:55:04 2026
| Host         : Emmy running 64-bit major release  (build 9200)
| Command      : report_control_sets -verbose -file top_control_sets_placed.rpt
| Design       : top
| Device       : xc7a100t
---------------------------------------------------------------------------------------------------------------------------------------------

Control Set Information

Table of Contents
-----------------
1. Summary
2. Histogram
3. Flip-Flop Distribution
4. Detailed Control Set Information

1. Summary
----------

+----------------------------------------------------------+-------+
|                          Status                          | Count |
+----------------------------------------------------------+-------+
| Total control sets                                       |    21 |
|    Minimum number of control sets                        |    21 |
|    Addition due to synthesis replication                 |     0 |
|    Addition due to physical synthesis replication        |     0 |
| Unused register locations in slices containing registers |    89 |
+----------------------------------------------------------+-------+
* Control sets can be merged at opt_design using control_set_merge or merge_equivalent_drivers
** Run report_qor_suggestions for automated merging and remapping suggestions


2. Histogram
------------

+--------------------+-------+
|       Fanout       | Count |
+--------------------+-------+
| Total control sets |    21 |
| >= 0 to < 4        |     9 |
| >= 4 to < 6        |     2 |
| >= 6 to < 8        |     1 |
| >= 8 to < 10       |     3 |
| >= 10 to < 12      |     1 |
| >= 12 to < 14      |     0 |
| >= 14 to < 16      |     0 |
| >= 16              |     5 |
+--------------------+-------+
* Control sets can be remapped at either synth_design or opt_design


3. Flip-Flop Distribution
-------------------------

+--------------+-----------------------+------------------------+-----------------+--------------+
| Clock Enable | Synchronous Set/Reset | Asynchronous Set/Reset | Total Registers | Total Slices |
+--------------+-----------------------+------------------------+-----------------+--------------+
| No           | No                    | No                     |               3 |            2 |
| No           | No                    | Yes                    |              18 |            6 |
| No           | Yes                   | No                     |               0 |            0 |
| Yes          | No                    | No                     |              38 |           19 |
| Yes          | No                    | Yes                    |             344 |           95 |
| Yes          | Yes                   | No                     |               4 |            1 |
+--------------+-----------------------+------------------------+-----------------+--------------+


4. Detailed Control Set Information
-----------------------------------

+----------------+-------------------------------------+--------------------------------------+------------------+----------------+--------------+
|  Clock Signal  |            Enable Signal            |           Set/Reset Signal           | Slice Load Count | Bel Load Count | Bels / Slice |
+----------------+-------------------------------------+--------------------------------------+------------------+----------------+--------------+
|  clk_IBUF_BUFG | uart_inst/p_0_in[0]                 |                                      |                1 |              1 |         1.00 |
|  clk_IBUF_BUFG | uart_inst/p_0_in[4]                 |                                      |                1 |              1 |         1.00 |
|  clk_IBUF_BUFG | uart_inst/p_0_in[7]                 |                                      |                1 |              1 |         1.00 |
|  clk_IBUF_BUFG | uart_inst/p_0_in[1]                 |                                      |                1 |              1 |         1.00 |
|  clk_IBUF_BUFG | uart_inst/p_0_in[2]                 |                                      |                1 |              1 |         1.00 |
|  clk_IBUF_BUFG | uart_inst/p_0_in[6]                 |                                      |                1 |              1 |         1.00 |
|  clk_IBUF_BUFG | uart_inst/p_0_in[5]                 |                                      |                1 |              1 |         1.00 |
|  clk_IBUF_BUFG | uart_inst/p_0_in[3]                 |                                      |                1 |              1 |         1.00 |
|  clk_IBUF_BUFG |                                     |                                      |                2 |              3 |         1.50 |
|  clk_IBUF_BUFG | uart_tx_inst/clk_count0             | uart_tx_inst/clk_count[6]_i_1__0_n_0 |                1 |              4 |         4.00 |
|  clk_IBUF_BUFG | uart_inst/rx_valid                  | gift_inst/ks/rst_n                   |                2 |              5 |         2.50 |
|  clk_IBUF_BUFG | uart_tx_inst/clk_count0             |                                      |                3 |              6 |         2.00 |
|  clk_IBUF_BUFG | tx_data[7]_i_1_n_0                  |                                      |                3 |              8 |         2.67 |
|  clk_IBUF_BUFG | uart_inst/rx_data[7]_i_1_n_0        |                                      |                2 |              8 |         4.00 |
|  clk_IBUF_BUFG | uart_tx_inst/tx_data_reg[7]_i_1_n_0 |                                      |                3 |              8 |         2.67 |
|  clk_IBUF_BUFG | uart_inst/clk_count                 | gift_inst/ks/rst_n                   |                4 |             10 |         2.50 |
|  clk_IBUF_BUFG |                                     | gift_inst/ks/rst_n                   |                6 |             18 |         3.00 |
|  clk_IBUF_BUFG | uart_inst/E[0]                      | gift_inst/ks/rst_n                   |                9 |             64 |         7.11 |
|  clk_IBUF_BUFG | uart_inst/rx_valid_reg_0[0]         | gift_inst/ks/rst_n                   |               13 |             64 |         4.92 |
|  clk_IBUF_BUFG | uart_tx_inst/E[0]                   | gift_inst/ks/rst_n                   |               14 |             68 |         4.86 |
|  clk_IBUF_BUFG | gift_inst/ks/E[0]                   | gift_inst/ks/rst_n                   |               53 |            133 |         2.51 |
+----------------+-------------------------------------+--------------------------------------+------------------+----------------+--------------+


